
Showing logs for build [32mcb-kubecd-environment-pr-213-33-fwldb-1[0m stage [32mfrom-build-pack[0m and container [32mstep-credential-initializer-lptcm[0m
{"level":"info","ts":1588647670.3421679,"logger":"fallback-logger","caller":"logging/config.go:69","msg":"Fetch GitHub commit ID from kodata failed: open /var/run/ko/refs/heads/0.8.0-ns-support: no such file or directory"}
{"level":"info","ts":1588647670.3427064,"logger":"fallback-logger","caller":"creds-init/main.go:40","msg":"Credentials initialized."}

Showing logs for build [32mcb-kubecd-environment-pr-213-33-fwldb-1[0m stage [32mfrom-build-pack[0m and container [32mstep-working-dir-initializer-xhczt[0m
{"level":"info","ts":1588647671.1373038,"logger":"fallback-logger","caller":"logging/config.go:69","msg":"Fetch GitHub commit ID from kodata failed: open /var/run/ko/HEAD: no such file or directory"}
{"level":"info","ts":1588647671.1390185,"logger":"fallback-logger","caller":"bash/main.go:64","msg":"Successfully executed command \"sh -c mkdir -p /workspace/source\"; output "}

Showing logs for build [32mcb-kubecd-environment-pr-213-33-fwldb-1[0m stage [32mfrom-build-pack[0m and container [32mstep-place-tools[0m

Showing logs for build [32mcb-kubecd-environment-pr-213-33-fwldb-1[0m stage [32mfrom-build-pack[0m and container [32mstep-git-source-cb-kubecd-environment-pr-213-33-fwldb-478ps[0m
{"level":"info","ts":1588647674.3600242,"logger":"fallback-logger","caller":"logging/config.go:69","msg":"Fetch GitHub commit ID from kodata failed: open /var/run/ko/refs/heads/0.8.0-ns-support: no such file or directory"}
{"level":"info","ts":1588647675.4053726,"logger":"fallback-logger","caller":"git/git.go:103","msg":"Successfully cloned https://github.com/cb-kubecd/environment-pr-213-33-boot-gke-staging.git @ master in path /workspace/source"}

Showing logs for build [32mcb-kubecd-environment-pr-213-33-fwldb-1[0m stage [32mfrom-build-pack[0m and container [32mstep-git-merge[0m
Using SHAs from PULL_REFS=master:b7e0d95d71b7bfcfffdce8edcc73a2390014d729,3:4ba7c4a3e979fad81f831cbd8ef0dad89c2b6865
DEBUG: LC_ALL=C JX_LOG_LEVEL=error git fetch origin --unshallow 4ba7c4a3e979fad81f831cbd8ef0dad89c2b6865: b7e0d95d71b7bfcfffdce8edcc73a2390014d729:
DEBUG: ran git fetch --unshallow origin 4ba7c4a3e979fad81f831cbd8ef0dad89c2b6865: b7e0d95d71b7bfcfffdce8edcc73a2390014d729: in 
DEBUG: LC_ALL=C JX_LOG_LEVEL=error git branch
DEBUG: LC_ALL=C JX_LOG_LEVEL=error git checkout master
DEBUG: ran git checkout master in 
DEBUG: LC_ALL=C JX_LOG_LEVEL=error git reset --hard b7e0d95d71b7bfcfffdce8edcc73a2390014d729
DEBUG: ran git reset --hard b7e0d95d71b7bfcfffdce8edcc73a2390014d729 in 
DEBUG: LC_ALL=C JX_LOG_LEVEL=error git clean -fd .
DEBUG: ran clean --force -d . in 
DEBUG: LC_ALL=C JX_LOG_LEVEL=error git merge 4ba7c4a3e979fad81f831cbd8ef0dad89c2b6865
DEBUG: ran git merge 4ba7c4a3e979fad81f831cbd8ef0dad89c2b6865 in 
DEBUG: LC_ALL=C JX_LOG_LEVEL=error git log --format=%H%x1f%an%x1f%ae%x1f%cn%x1f%ce%x1f%s%n%b%x1e b7e0d95d71b7bfcfffdce8edcc73a2390014d729..HEAD
Merged SHA 4ba7c4a3e979fad81f831cbd8ef0dad89c2b6865 with commit message 'chore: Promote bdd-nh-1588646725 to version 0.0.1' into base branch master

Showing logs for build [32mcb-kubecd-environment-pr-213-33-fwldb-1[0m stage [32mfrom-build-pack[0m and container [32mstep-build-helm-build[0m
WARNING: No $CHART_REPOSITORY defined so using the default value of: http://jenkins-x-chartmuseum:8080
Adding missing Helm repo: storage.googleapis.com https://storage.googleapis.com/chartmuseum.jenkins-x.io
WARNING: No secrets found on "helm/repos" due: reading the secret "helm/repos" from vault: no secret "helm/repos" not found in vault
Read credentials for https://storage.googleapis.com/chartmuseum.jenkins-x.io from vault helm/repos
Successfully added Helm repository storage.googleapis.com.
Adding missing Helm repo: jenkins-x-chartmuseum http://jenkins-x-chartmuseum:8080
WARNING: No secrets found on "helm/repos" due: reading the secret "helm/repos" from vault: no secret "helm/repos" not found in vault
Read credentials for http://jenkins-x-chartmuseum:8080 from vault helm/repos
Successfully added Helm repository jenkins-x-chartmuseum.
WARNING: No $CHART_REPOSITORY defined so using the default value of: http://jenkins-x-chartmuseum:8080
Adding missing Helm repo: chartmuseum.jenkins-x.io http://chartmuseum.jenkins-x.io
WARNING: No secrets found on "helm/repos" due: reading the secret "helm/repos" from vault: no secret "helm/repos" not found in vault
Read credentials for http://chartmuseum.jenkins-x.io from vault helm/repos
Successfully added Helm repository chartmuseum.jenkins-x.io.
