
Showing logs for build [32mcb-kubecd-environment-pr-213-33-c2rx4-1[0m stage [32mfrom-build-pack[0m and container [32mstep-credential-initializer-4qt2p[0m
{"level":"info","ts":1588649386.9889226,"logger":"fallback-logger","caller":"logging/config.go:69","msg":"Fetch GitHub commit ID from kodata failed: open /var/run/ko/refs/heads/0.8.0-ns-support: no such file or directory"}
{"level":"info","ts":1588649386.9898367,"logger":"fallback-logger","caller":"creds-init/main.go:40","msg":"Credentials initialized."}

Showing logs for build [32mcb-kubecd-environment-pr-213-33-c2rx4-1[0m stage [32mfrom-build-pack[0m and container [32mstep-working-dir-initializer-89hms[0m
{"level":"info","ts":1588649387.9089174,"logger":"fallback-logger","caller":"logging/config.go:69","msg":"Fetch GitHub commit ID from kodata failed: open /var/run/ko/HEAD: no such file or directory"}
{"level":"info","ts":1588649387.9104502,"logger":"fallback-logger","caller":"bash/main.go:64","msg":"Successfully executed command \"sh -c mkdir -p /workspace/source\"; output "}

Showing logs for build [32mcb-kubecd-environment-pr-213-33-c2rx4-1[0m stage [32mfrom-build-pack[0m and container [32mstep-place-tools[0m

Showing logs for build [32mcb-kubecd-environment-pr-213-33-c2rx4-1[0m stage [32mfrom-build-pack[0m and container [32mstep-git-source-cb-kubecd-environment-pr-213-33-c2rx4-fj4bq[0m
{"level":"info","ts":1588649392.9541929,"logger":"fallback-logger","caller":"logging/config.go:69","msg":"Fetch GitHub commit ID from kodata failed: open /var/run/ko/refs/heads/0.8.0-ns-support: no such file or directory"}
{"level":"info","ts":1588649394.166006,"logger":"fallback-logger","caller":"git/git.go:103","msg":"Successfully cloned https://github.com/cb-kubecd/environment-pr-213-33-boot-gke-staging.git @ master in path /workspace/source"}

Showing logs for build [32mcb-kubecd-environment-pr-213-33-c2rx4-1[0m stage [32mfrom-build-pack[0m and container [32mstep-git-merge[0m
Using SHAs from PULL_REFS=master:f9ef4df0ac9f737b09a286730c13cad01b9db5f4,5:42144fd19f43fd0cf5c18102956f96155e68e571
DEBUG: LC_ALL=C JX_LOG_LEVEL=error git fetch origin --unshallow 42144fd19f43fd0cf5c18102956f96155e68e571: f9ef4df0ac9f737b09a286730c13cad01b9db5f4:
DEBUG: ran git fetch --unshallow origin 42144fd19f43fd0cf5c18102956f96155e68e571: f9ef4df0ac9f737b09a286730c13cad01b9db5f4: in 
DEBUG: LC_ALL=C JX_LOG_LEVEL=error git branch
DEBUG: LC_ALL=C JX_LOG_LEVEL=error git checkout master
DEBUG: ran git checkout master in 
DEBUG: JX_LOG_LEVEL=error LC_ALL=C git reset --hard f9ef4df0ac9f737b09a286730c13cad01b9db5f4
DEBUG: ran git reset --hard f9ef4df0ac9f737b09a286730c13cad01b9db5f4 in 
DEBUG: LC_ALL=C JX_LOG_LEVEL=error git clean -fd .
DEBUG: ran clean --force -d . in 
DEBUG: JX_LOG_LEVEL=error LC_ALL=C git merge 42144fd19f43fd0cf5c18102956f96155e68e571
DEBUG: ran git merge 42144fd19f43fd0cf5c18102956f96155e68e571 in 
DEBUG: LC_ALL=C JX_LOG_LEVEL=error git log --format=%H%x1f%an%x1f%ae%x1f%cn%x1f%ce%x1f%s%n%b%x1e f9ef4df0ac9f737b09a286730c13cad01b9db5f4..HEAD
Merged SHA 42144fd19f43fd0cf5c18102956f96155e68e571 with commit message 'chore: Promote bdd-ghf**y-import-1588649091 to version 0.0.1' into base branch master

Showing logs for build [32mcb-kubecd-environment-pr-213-33-c2rx4-1[0m stage [32mfrom-build-pack[0m and container [32mstep-build-helm-build[0m
WARNING: No $CHART_REPOSITORY defined so using the default value of: http://jenkins-x-chartmuseum:8080
Adding missing Helm repo: storage.googleapis.com https://storage.googleapis.com/chartmuseum.jenkins-x.io
WARNING: No secrets found on "helm/repos" due: reading the secret "helm/repos" from vault: no secret "helm/repos" not found in vault
Read credentials for https://storage.googleapis.com/chartmuseum.jenkins-x.io from vault helm/repos
Successfully added Helm repository storage.googleapis.com.
Adding missing Helm repo: jenkins-x-chartmuseum http://jenkins-x-chartmuseum:8080
WARNING: No secrets found on "helm/repos" due: reading the secret "helm/repos" from vault: no secret "helm/repos" not found in vault
Read credentials for http://jenkins-x-chartmuseum:8080 from vault helm/repos
Successfully added Helm repository jenkins-x-chartmuseum.
WARNING: No $CHART_REPOSITORY defined so using the default value of: http://jenkins-x-chartmuseum:8080
Adding missing Helm repo: chartmuseum.jenkins-x.io http://chartmuseum.jenkins-x.io
WARNING: No secrets found on "helm/repos" due: reading the secret "helm/repos" from vault: no secret "helm/repos" not found in vault
Read credentials for http://chartmuseum.jenkins-x.io from vault helm/repos
Successfully added Helm repository chartmuseum.jenkins-x.io.
