
Showing logs for build [32mcb-kubecd-environment-pr-213-33-qkcbw-1[0m stage [32mfrom-build-pack[0m and container [32mstep-credential-initializer-8mxpz[0m
{"level":"info","ts":1588648402.8458931,"logger":"fallback-logger","caller":"logging/config.go:69","msg":"Fetch GitHub commit ID from kodata failed: open /var/run/ko/refs/heads/0.8.0-ns-support: no such file or directory"}
{"level":"info","ts":1588648402.855402,"logger":"fallback-logger","caller":"creds-init/main.go:40","msg":"Credentials initialized."}

Showing logs for build [32mcb-kubecd-environment-pr-213-33-qkcbw-1[0m stage [32mfrom-build-pack[0m and container [32mstep-working-dir-initializer-s5fw7[0m
{"level":"info","ts":1588648403.8454664,"logger":"fallback-logger","caller":"logging/config.go:69","msg":"Fetch GitHub commit ID from kodata failed: open /var/run/ko/HEAD: no such file or directory"}
{"level":"info","ts":1588648403.8610842,"logger":"fallback-logger","caller":"bash/main.go:64","msg":"Successfully executed command \"sh -c mkdir -p /workspace/source\"; output "}

Showing logs for build [32mcb-kubecd-environment-pr-213-33-qkcbw-1[0m stage [32mfrom-build-pack[0m and container [32mstep-place-tools[0m

Showing logs for build [32mcb-kubecd-environment-pr-213-33-qkcbw-1[0m stage [32mfrom-build-pack[0m and container [32mstep-git-source-cb-kubecd-environment-pr-213-33-qkcbw-9k5bt[0m
{"level":"info","ts":1588648410.5263236,"logger":"fallback-logger","caller":"logging/config.go:69","msg":"Fetch GitHub commit ID from kodata failed: open /var/run/ko/refs/heads/0.8.0-ns-support: no such file or directory"}
{"level":"info","ts":1588648411.708746,"logger":"fallback-logger","caller":"git/git.go:103","msg":"Successfully cloned https://github.com/cb-kubecd/environment-pr-213-33-boot-gke-staging.git @ master in path /workspace/source"}

Showing logs for build [32mcb-kubecd-environment-pr-213-33-qkcbw-1[0m stage [32mfrom-build-pack[0m and container [32mstep-git-merge[0m
Using SHAs from PULL_REFS=master:c906aac1aaa1f65966841de45222b0d188cb42fd,4:415e11c9ab174d008a236ee55fabe31eab065dbd
DEBUG: LC_ALL=C JX_LOG_LEVEL=error git fetch origin --unshallow 415e11c9ab174d008a236ee55fabe31eab065dbd: c906aac1aaa1f65966841de45222b0d188cb42fd:
DEBUG: ran git fetch --unshallow origin 415e11c9ab174d008a236ee55fabe31eab065dbd: c906aac1aaa1f65966841de45222b0d188cb42fd: in 
DEBUG: LC_ALL=C JX_LOG_LEVEL=error git branch
DEBUG: JX_LOG_LEVEL=error LC_ALL=C git checkout master
DEBUG: ran git checkout master in 
DEBUG: LC_ALL=C JX_LOG_LEVEL=error git reset --hard c906aac1aaa1f65966841de45222b0d188cb42fd
DEBUG: ran git reset --hard c906aac1aaa1f65966841de45222b0d188cb42fd in 
DEBUG: LC_ALL=C JX_LOG_LEVEL=error git clean -fd .
DEBUG: ran clean --force -d . in 
DEBUG: LC_ALL=C JX_LOG_LEVEL=error git merge 415e11c9ab174d008a236ee55fabe31eab065dbd
DEBUG: ran git merge 415e11c9ab174d008a236ee55fabe31eab065dbd in 
DEBUG: LC_ALL=C JX_LOG_LEVEL=error git log --format=%H%x1f%an%x1f%ae%x1f%cn%x1f%ce%x1f%s%n%b%x1e c906aac1aaa1f65966841de45222b0d188cb42fd..HEAD
Merged SHA 415e11c9ab174d008a236ee55fabe31eab065dbd with commit message 'chore: Promote bdd-sbhg-1588646725 to version 0.0.1' into base branch master

Showing logs for build [32mcb-kubecd-environment-pr-213-33-qkcbw-1[0m stage [32mfrom-build-pack[0m and container [32mstep-build-helm-build[0m
WARNING: No $CHART_REPOSITORY defined so using the default value of: http://jenkins-x-chartmuseum:8080
Adding missing Helm repo: storage.googleapis.com https://storage.googleapis.com/chartmuseum.jenkins-x.io
WARNING: No secrets found on "helm/repos" due: reading the secret "helm/repos" from vault: no secret "helm/repos" not found in vault
Read credentials for https://storage.googleapis.com/chartmuseum.jenkins-x.io from vault helm/repos
Successfully added Helm repository storage.googleapis.com.
Adding missing Helm repo: jenkins-x-chartmuseum http://jenkins-x-chartmuseum:8080
WARNING: No secrets found on "helm/repos" due: reading the secret "helm/repos" from vault: no secret "helm/repos" not found in vault
Read credentials for http://jenkins-x-chartmuseum:8080 from vault helm/repos
Successfully added Helm repository jenkins-x-chartmuseum.
WARNING: No $CHART_REPOSITORY defined so using the default value of: http://jenkins-x-chartmuseum:8080
Adding missing Helm repo: chartmuseum.jenkins-x.io http://chartmuseum.jenkins-x.io
WARNING: No secrets found on "helm/repos" due: reading the secret "helm/repos" from vault: no secret "helm/repos" not found in vault
Read credentials for http://chartmuseum.jenkins-x.io from vault helm/repos
Successfully added Helm repository chartmuseum.jenkins-x.io.
